#
# There is insufficient memory for the Java Runtime Environment to continue.
# Native memory allocation (mmap) failed to map 65536 bytes for Failed to commit metaspace.
# Possible reasons:
#   The system is out of physical RAM or swap space
#   The process is running with CompressedOops enabled, and the Java Heap may be blocking the growth of the native heap
# Possible solutions:
#   Reduce memory load on the system
#   Increase physical memory or swap space
#   Check if swap backing store is full
#   Decrease Java heap size (-Xmx/-Xms)
#   Decrease number of Java threads
#   Decrease Java thread stack sizes (-Xss)
#   Set larger code cache with -XX:ReservedCodeCacheSize=
#   JVM is running with Zero Based Compressed Oops mode in which the Java heap is
#     placed in the first 32GB address space. The Java Heap base address is the
#     maximum limit for the native heap growth. Please use -XX:HeapBaseMinAddress
#     to set the Java Heap base and to place the Java Heap above 32GB virtual address.
# This output file may be truncated or incomplete.
#
#  Out of Memory Error (virtualSpaceNode.cpp:110), pid=29464, tid=29176
#
# JRE version: OpenJDK Runtime Environment JBR-17.0.10+1-1087.17-jcef (17.0.10+1) (build 17.0.10+1-b1087.17)
# Java VM: OpenJDK 64-Bit Server VM JBR-17.0.10+1-1087.17-jcef (17.0.10+1-b1087.17, mixed mode, tiered, compressed oops, compressed class ptrs, g1 gc, windows-amd64)
# No core dump will be written. Minidumps are not enabled by default on client versions of Windows
#

---------------  S U M M A R Y ------------

Command Line: -Dfile.encoding=GBK D:\Deveco Studio 5.0.3.900\DevEco Studio\sdk\default\openharmony\toolchains\lib\app_packing_tool.jar --mode hap --force true --lib-path D:\HarmonyOS_code\XUPT_Rental_Local\products\entry\build\default\intermediates\stripped_native_libs\default --json-path D:\HarmonyOS_code\XUPT_Rental_Local\products\entry\build\default\intermediates\package\default\module.json --resources-path D:\HarmonyOS_code\XUPT_Rental_Local\products\entry\build\default\intermediates\res\default\resources --index-path D:\HarmonyOS_code\XUPT_Rental_Local\products\entry\build\default\intermediates\res\default\resources.index --pack-info-path D:\HarmonyOS_code\XUPT_Rental_Local\products\entry\build\default\outputs\default\pack.info --out-path D:\HarmonyOS_code\XUPT_Rental_Local\products\entry\build\default\outputs\default\entry-default-unsigned.hap --ets-path D:\HarmonyOS_code\XUPT_Rental_Local\products\entry\build\default\intermediates\loader_out\default\ets --pkg-context-path D:\HarmonyOS_code\XUPT_Rental_Local\products\entry\build\default\intermediates\loader\default\pkgContextInfo.json

Host: AMD Ryzen 5 5600H with Radeon Graphics         , 12 cores, 15G,  Windows 11 , 64 bit Build 22621 (10.0.22621.3958)
Time: Fri Nov 15 20:06:36 2024  Windows 11 , 64 bit Build 22621 (10.0.22621.3958) elapsed time: 0.341725 seconds (0d 0h 0m 0s)

---------------  T H R E A D  ---------------

Current thread (0x0000029153021030):  JavaThread "main" [_thread_in_vm, id=29176, stack(0x000000c404a00000,0x000000c404b00000)]

Stack: [0x000000c404a00000,0x000000c404b00000]
Native frames: (J=compiled Java code, j=interpreted, Vv=VM code, C=native code)
V  [jvm.dll+0x688ac9]
V  [jvm.dll+0x84220a]
V  [jvm.dll+0x843e4e]
V  [jvm.dll+0x8444b3]
V  [jvm.dll+0x24ba8f]
V  [jvm.dll+0x83d1eb]
V  [jvm.dll+0x62d0e6]
V  [jvm.dll+0x1c284e]
V  [jvm.dll+0x62fa41]
V  [jvm.dll+0x62da86]
V  [jvm.dll+0x66a791]
V  [jvm.dll+0x373f05]
V  [jvm.dll+0x373e28]
V  [jvm.dll+0x3880f7]
C  0x000002915dcdb920

The last pc belongs to anewarray (printed below).
Java frames: (J=compiled Java code, j=interpreted, Vv=VM code)
j  com.alibaba.fastjson.JSON.<clinit>()V+18
v  ~StubRoutines::call_stub
j  ohos.Compressor.hasGenerateBuildHash(Lohos/Utility;)Z+57
j  ohos.Compressor.setGenerateBuildHash(Lohos/Utility;)V+8
j  ohos.Compressor.compressHap(Lohos/Utility;)V+27
j  ohos.Compressor.compressExcute(Lohos/Utility;)V+246
j  ohos.Compressor.defaultProcess(Lohos/Utility;)Z+108
j  ohos.Compressor.compressProcess(Lohos/Utility;)Z+133
j  ohos.CompressEntrance.main([Ljava/lang/String;)V+63
v  ~StubRoutines::call_stub
anewarray  189 anewarray  [0x000002915dcdb8a0, 0x000002915dcdb9a0]  256 bytes
[MachCode]
  0x000002915dcdb8a0: 8b04 2448 | 83c4 0845 | 0fb7 4501 | 410f c841 | c1e8 1048 | 8b55 e848 | 8b52 0848 | 8b52 08e8 
  0x000002915dcdb8c0: 0500 0000 | e9ad 0000 | 004c 8bc8 | 488d 4424 | 084c 896d | c049 8bcf | c5f8 7749 | 89af a802 
  0x000002915dcdb8e0: 0000 4989 | 8798 0200 | 0048 83ec | 20f7 c40f | 0000 000f | 841a 0000 | 0048 83ec | 0849 ba80 
  0x000002915dcdb900: 80ae a9fd | 7f00 0041 | ffd2 4883 | c408 e90d | 0000 0049 | ba80 80ae | a9fd 7f00 | 0041 ffd2 
  0x000002915dcdb920: 4883 c420 | 49c7 8798 | 0200 0000 | 0000 0049 | c787 a802 | 0000 0000 | 0000 49c7 | 87a0 0200 
  0x000002915dcdb940: 0000 0000 | 00c5 f877 | 4981 7f08 | 0000 0000 | 0f84 0500 | 0000 e9a5 | 55fe ff49 | 8b87 f002 
  0x000002915dcdb960: 0000 49c7 | 87f0 0200 | 0000 0000 | 004c 8b6d | c04c 8b75 | c8c3 410f | b65d 0349 | 83c5 0349 
  0x000002915dcdb980: ba80 a631 | aafd 7f00 | 0041 ff24 | da66 6690 | 0000 0000 | 0000 0000 | 0000 0000 | 0000 0000 
[/MachCode]

---------------  P R O C E S S  ---------------

Threads class SMR info:
_java_thread_list=0x00000291760906d0, length=12, elements={
0x0000029153021030, 0x0000029171b7ea60, 0x0000029176048370, 0x000002917605ece0,
0x000002917605f5b0, 0x000002917605fe80, 0x0000029176060750, 0x0000029176061400,
0x0000029176061eb0, 0x00000291760628b0, 0x0000029176269e00, 0x0000029176295ca0
}

Java Threads: ( => current thread )
=>0x0000029153021030 JavaThread "main" [_thread_in_vm, id=29176, stack(0x000000c404a00000,0x000000c404b00000)]
  0x0000029171b7ea60 JavaThread "Reference Handler" daemon [_thread_blocked, id=28808, stack(0x000000c405100000,0x000000c405200000)]
  0x0000029176048370 JavaThread "Finalizer" daemon [_thread_blocked, id=27736, stack(0x000000c405200000,0x000000c405300000)]
  0x000002917605ece0 JavaThread "Signal Dispatcher" daemon [_thread_blocked, id=21708, stack(0x000000c405300000,0x000000c405400000)]
  0x000002917605f5b0 JavaThread "Attach Listener" daemon [_thread_blocked, id=7160, stack(0x000000c405400000,0x000000c405500000)]
  0x000002917605fe80 JavaThread "Service Thread" daemon [_thread_blocked, id=24548, stack(0x000000c405500000,0x000000c405600000)]
  0x0000029176060750 JavaThread "Monitor Deflation Thread" daemon [_thread_blocked, id=29040, stack(0x000000c405600000,0x000000c405700000)]
  0x0000029176061400 JavaThread "C2 CompilerThread0" daemon [_thread_blocked, id=7164, stack(0x000000c405700000,0x000000c405800000)]
  0x0000029176061eb0 JavaThread "C1 CompilerThread0" daemon [_thread_blocked, id=22200, stack(0x000000c405800000,0x000000c405900000)]
  0x00000291760628b0 JavaThread "Sweeper thread" daemon [_thread_blocked, id=5056, stack(0x000000c405900000,0x000000c405a00000)]
  0x0000029176269e00 JavaThread "Notification Thread" daemon [_thread_blocked, id=28024, stack(0x000000c405a00000,0x000000c405b00000)]
  0x0000029176295ca0 JavaThread "Common-Cleaner" daemon [_thread_blocked, id=18436, stack(0x000000c405c00000,0x000000c405d00000)]

Other Threads:
  0x0000029171b7e530 VMThread "VM Thread" [stack: 0x000000c405000000,0x000000c405100000] [id=28152]
  0x000002917628c300 WatcherThread [stack: 0x000000c405b00000,0x000000c405c00000] [id=25344]
  0x000002915308a1d0 GCTaskThread "GC Thread#0" [stack: 0x000000c404b00000,0x000000c404c00000] [id=24284]
  0x000002915309a580 ConcurrentGCThread "G1 Main Marker" [stack: 0x000000c404c00000,0x000000c404d00000] [id=11832]
  0x000002915309ae40 ConcurrentGCThread "G1 Conc#0" [stack: 0x000000c404d00000,0x000000c404e00000] [id=18692]
  0x00000291530ce800 ConcurrentGCThread "G1 Refine#0" [stack: 0x000000c404e00000,0x000000c404f00000] [id=27372]
  0x0000029171a2d210 ConcurrentGCThread "G1 Service" [stack: 0x000000c404f00000,0x000000c405000000] [id=19532]

Threads with active compile tasks:

VM state: not at safepoint (normal execution)

VM Mutex/Monitor currently owned by a thread:  ([mutex/lock_event])
[0x000002915301d190] Metaspace_lock - owner thread: 0x0000029153021030
[0x000002915301ca40] MultiArray_lock - owner thread: 0x0000029153021030

Heap address: 0x000000070a400000, size: 3932 MB, Compressed Oops mode: Zero based, Oop shift amount: 3

CDS archive(s) not mapped
Compressed class space mapped at: 0x0000000800000000-0x0000000840000000, reserved size: 1073741824
Narrow klass base: 0x0000000800000000, Narrow klass shift: 0, Narrow klass range: 0x40000000

GC Precious Log:
 CPUs: 12 total, 12 available
 Memory: 15724M
 Large Page Support: Disabled
 NUMA Support: Disabled
 Compressed Oops: Enabled (Zero based)
 Heap Region Size: 2M
 Heap Min Capacity: 8M
 Heap Initial Capacity: 246M
 Heap Max Capacity: 3932M
 Pre-touch: Disabled
 Parallel Workers: 10
 Concurrent Workers: 3
 Concurrent Refinement Workers: 10
 Periodic GC: Disabled

Heap:
 garbage-first heap   total 251904K, used 2048K [0x000000070a400000, 0x0000000800000000)
  region size 2048K, 3 young (6144K), 0 survivors (0K)
 Metaspace       used 8895K, committed 8960K, reserved 1114112K
  class space    used 813K, committed 832K, reserved 1048576K

Heap Regions: E=young(eden), S=young(survivor), O=old, HS=humongous(starts), HC=humongous(continues), CS=collection set, F=free, OA=open archive, CA=closed archive, TAMS=top-at-mark-start (previous, next)
|   0|0x000000070a400000, 0x000000070a400000, 0x000000070a600000|  0%| F|  |TAMS 0x000000070a400000, 0x000000070a400000| Untracked 
|   1|0x000000070a600000, 0x000000070a600000, 0x000000070a800000|  0%| F|  |TAMS 0x000000070a600000, 0x000000070a600000| Untracked 
|   2|0x000000070a800000, 0x000000070a800000, 0x000000070aa00000|  0%| F|  |TAMS 0x000000070a800000, 0x000000070a800000| Untracked 
|   3|0x000000070aa00000, 0x000000070aa00000, 0x000000070ac00000|  0%| F|  |TAMS 0x000000070aa00000, 0x000000070aa00000| Untracked 
|   4|0x000000070ac00000, 0x000000070ac00000, 0x000000070ae00000|  0%| F|  |TAMS 0x000000070ac00000, 0x000000070ac00000| Untracked 
|   5|0x000000070ae00000, 0x000000070ae00000, 0x000000070b000000|  0%| F|  |TAMS 0x000000070ae00000, 0x000000070ae00000| Untracked 
|   6|0x000000070b000000, 0x000000070b000000, 0x000000070b200000|  0%| F|  |TAMS 0x000000070b000000, 0x000000070b000000| Untracked 
|   7|0x000000070b200000, 0x000000070b200000, 0x000000070b400000|  0%| F|  |TAMS 0x000000070b200000, 0x000000070b200000| Untracked 
|   8|0x000000070b400000, 0x000000070b400000, 0x000000070b600000|  0%| F|  |TAMS 0x000000070b400000, 0x000000070b400000| Untracked 
|   9|0x000000070b600000, 0x000000070b600000, 0x000000070b800000|  0%| F|  |TAMS 0x000000070b600000, 0x000000070b600000| Untracked 
|  10|0x000000070b800000, 0x000000070b800000, 0x000000070ba00000|  0%| F|  |TAMS 0x000000070b800000, 0x000000070b800000| Untracked 
|  11|0x000000070ba00000, 0x000000070ba00000, 0x000000070bc00000|  0%| F|  |TAMS 0x000000070ba00000, 0x000000070ba00000| Untracked 
|  12|0x000000070bc00000, 0x000000070bc00000, 0x000000070be00000|  0%| F|  |TAMS 0x000000070bc00000, 0x000000070bc00000| Untracked 
|  13|0x000000070be00000, 0x000000070be00000, 0x000000070c000000|  0%| F|  |TAMS 0x000000070be00000, 0x000000070be00000| Untracked 
|  14|0x000000070c000000, 0x000000070c000000, 0x000000070c200000|  0%| F|  |TAMS 0x000000070c000000, 0x000000070c000000| Untracked 
|  15|0x000000070c200000, 0x000000070c200000, 0x000000070c400000|  0%| F|  |TAMS 0x000000070c200000, 0x000000070c200000| Untracked 
|  16|0x000000070c400000, 0x000000070c400000, 0x000000070c600000|  0%| F|  |TAMS 0x000000070c400000, 0x000000070c400000| Untracked 
|  17|0x000000070c600000, 0x000000070c600000, 0x000000070c800000|  0%| F|  |TAMS 0x000000070c600000, 0x000000070c600000| Untracked 
|  18|0x000000070c800000, 0x000000070c800000, 0x000000070ca00000|  0%| F|  |TAMS 0x000000070c800000, 0x000000070c800000| Untracked 
|  19|0x000000070ca00000, 0x000000070ca00000, 0x000000070cc00000|  0%| F|  |TAMS 0x000000070ca00000, 0x000000070ca00000| Untracked 
|  20|0x000000070cc00000, 0x000000070cc00000, 0x000000070ce00000|  0%| F|  |TAMS 0x000000070cc00000, 0x000000070cc00000| Untracked 
|  21|0x000000070ce00000, 0x000000070ce00000, 0x000000070d000000|  0%| F|  |TAMS 0x000000070ce00000, 0x000000070ce00000| Untracked 
|  22|0x000000070d000000, 0x000000070d000000, 0x000000070d200000|  0%| F|  |TAMS 0x000000070d000000, 0x000000070d000000| Untracked 
|  23|0x000000070d200000, 0x000000070d200000, 0x000000070d400000|  0%| F|  |TAMS 0x000000070d200000, 0x000000070d200000| Untracked 
|  24|0x000000070d400000, 0x000000070d400000, 0x000000070d600000|  0%| F|  |TAMS 0x000000070d400000, 0x000000070d400000| Untracked 
|  25|0x000000070d600000, 0x000000070d600000, 0x000000070d800000|  0%| F|  |TAMS 0x000000070d600000, 0x000000070d600000| Untracked 
|  26|0x000000070d800000, 0x000000070d800000, 0x000000070da00000|  0%| F|  |TAMS 0x000000070d800000, 0x000000070d800000| Untracked 
|  27|0x000000070da00000, 0x000000070da00000, 0x000000070dc00000|  0%| F|  |TAMS 0x000000070da00000, 0x000000070da00000| Untracked 
|  28|0x000000070dc00000, 0x000000070dc00000, 0x000000070de00000|  0%| F|  |TAMS 0x000000070dc00000, 0x000000070dc00000| Untracked 
|  29|0x000000070de00000, 0x000000070de00000, 0x000000070e000000|  0%| F|  |TAMS 0x000000070de00000, 0x000000070de00000| Untracked 
|  30|0x000000070e000000, 0x000000070e000000, 0x000000070e200000|  0%| F|  |TAMS 0x000000070e000000, 0x000000070e000000| Untracked 
|  31|0x000000070e200000, 0x000000070e200000, 0x000000070e400000|  0%| F|  |TAMS 0x000000070e200000, 0x000000070e200000| Untracked 
|  32|0x000000070e400000, 0x000000070e400000, 0x000000070e600000|  0%| F|  |TAMS 0x000000070e400000, 0x000000070e400000| Untracked 
|  33|0x000000070e600000, 0x000000070e600000, 0x000000070e800000|  0%| F|  |TAMS 0x000000070e600000, 0x000000070e600000| Untracked 
|  34|0x000000070e800000, 0x000000070e800000, 0x000000070ea00000|  0%| F|  |TAMS 0x000000070e800000, 0x000000070e800000| Untracked 
|  35|0x000000070ea00000, 0x000000070ea00000, 0x000000070ec00000|  0%| F|  |TAMS 0x000000070ea00000, 0x000000070ea00000| Untracked 
|  36|0x000000070ec00000, 0x000000070ec00000, 0x000000070ee00000|  0%| F|  |TAMS 0x000000070ec00000, 0x000000070ec00000| Untracked 
|  37|0x000000070ee00000, 0x000000070ee00000, 0x000000070f000000|  0%| F|  |TAMS 0x000000070ee00000, 0x000000070ee00000| Untracked 
|  38|0x000000070f000000, 0x000000070f000000, 0x000000070f200000|  0%| F|  |TAMS 0x000000070f000000, 0x000000070f000000| Untracked 
|  39|0x000000070f200000, 0x000000070f200000, 0x000000070f400000|  0%| F|  |TAMS 0x000000070f200000, 0x000000070f200000| Untracked 
|  40|0x000000070f400000, 0x000000070f400000, 0x000000070f600000|  0%| F|  |TAMS 0x000000070f400000, 0x000000070f400000| Untracked 
|  41|0x000000070f600000, 0x000000070f600000, 0x000000070f800000|  0%| F|  |TAMS 0x000000070f600000, 0x000000070f600000| Untracked 
|  42|0x000000070f800000, 0x000000070f800000, 0x000000070fa00000|  0%| F|  |TAMS 0x000000070f800000, 0x000000070f800000| Untracked 
|  43|0x000000070fa00000, 0x000000070fa00000, 0x000000070fc00000|  0%| F|  |TAMS 0x000000070fa00000, 0x000000070fa00000| Untracked 
|  44|0x000000070fc00000, 0x000000070fc00000, 0x000000070fe00000|  0%| F|  |TAMS 0x000000070fc00000, 0x000000070fc00000| Untracked 
|  45|0x000000070fe00000, 0x000000070fe00000, 0x0000000710000000|  0%| F|  |TAMS 0x000000070fe00000, 0x000000070fe00000| Untracked 
|  46|0x0000000710000000, 0x0000000710000000, 0x0000000710200000|  0%| F|  |TAMS 0x0000000710000000, 0x0000000710000000| Untracked 
|  47|0x0000000710200000, 0x0000000710200000, 0x0000000710400000|  0%| F|  |TAMS 0x0000000710200000, 0x0000000710200000| Untracked 
|  48|0x0000000710400000, 0x0000000710400000, 0x0000000710600000|  0%| F|  |TAMS 0x0000000710400000, 0x0000000710400000| Untracked 
|  49|0x0000000710600000, 0x0000000710600000, 0x0000000710800000|  0%| F|  |TAMS 0x0000000710600000, 0x0000000710600000| Untracked 
|  50|0x0000000710800000, 0x0000000710800000, 0x0000000710a00000|  0%| F|  |TAMS 0x0000000710800000, 0x0000000710800000| Untracked 
|  51|0x0000000710a00000, 0x0000000710a00000, 0x0000000710c00000|  0%| F|  |TAMS 0x0000000710a00000, 0x0000000710a00000| Untracked 
|  52|0x0000000710c00000, 0x0000000710c00000, 0x0000000710e00000|  0%| F|  |TAMS 0x0000000710c00000, 0x0000000710c00000| Untracked 
|  53|0x0000000710e00000, 0x0000000710e00000, 0x0000000711000000|  0%| F|  |TAMS 0x0000000710e00000, 0x0000000710e00000| Untracked 
|  54|0x0000000711000000, 0x0000000711000000, 0x0000000711200000|  0%| F|  |TAMS 0x0000000711000000, 0x0000000711000000| Untracked 
|  55|0x0000000711200000, 0x0000000711200000, 0x0000000711400000|  0%| F|  |TAMS 0x0000000711200000, 0x0000000711200000| Untracked 
|  56|0x0000000711400000, 0x0000000711400000, 0x0000000711600000|  0%| F|  |TAMS 0x0000000711400000, 0x0000000711400000| Untracked 
|  57|0x0000000711600000, 0x0000000711600000, 0x0000000711800000|  0%| F|  |TAMS 0x0000000711600000, 0x0000000711600000| Untracked 
|  58|0x0000000711800000, 0x0000000711800000, 0x0000000711a00000|  0%| F|  |TAMS 0x0000000711800000, 0x0000000711800000| Untracked 
|  59|0x0000000711a00000, 0x0000000711a00000, 0x0000000711c00000|  0%| F|  |TAMS 0x0000000711a00000, 0x0000000711a00000| Untracked 
|  60|0x0000000711c00000, 0x0000000711c00000, 0x0000000711e00000|  0%| F|  |TAMS 0x0000000711c00000, 0x0000000711c00000| Untracked 
|  61|0x0000000711e00000, 0x0000000711e00000, 0x0000000712000000|  0%| F|  |TAMS 0x0000000711e00000, 0x0000000711e00000| Untracked 
|  62|0x0000000712000000, 0x0000000712000000, 0x0000000712200000|  0%| F|  |TAMS 0x0000000712000000, 0x0000000712000000| Untracked 
|  63|0x0000000712200000, 0x0000000712200000, 0x0000000712400000|  0%| F|  |TAMS 0x0000000712200000, 0x0000000712200000| Untracked 
|  64|0x0000000712400000, 0x0000000712400000, 0x0000000712600000|  0%| F|  |TAMS 0x0000000712400000, 0x0000000712400000| Untracked 
|  65|0x0000000712600000, 0x0000000712600000, 0x0000000712800000|  0%| F|  |TAMS 0x0000000712600000, 0x0000000712600000| Untracked 
|  66|0x0000000712800000, 0x0000000712800000, 0x0000000712a00000|  0%| F|  |TAMS 0x0000000712800000, 0x0000000712800000| Untracked 
|  67|0x0000000712a00000, 0x0000000712a00000, 0x0000000712c00000|  0%| F|  |TAMS 0x0000000712a00000, 0x0000000712a00000| Untracked 
|  68|0x0000000712c00000, 0x0000000712c00000, 0x0000000712e00000|  0%| F|  |TAMS 0x0000000712c00000, 0x0000000712c00000| Untracked 
|  69|0x0000000712e00000, 0x0000000712e00000, 0x0000000713000000|  0%| F|  |TAMS 0x0000000712e00000, 0x0000000712e00000| Untracked 
|  70|0x0000000713000000, 0x0000000713000000, 0x0000000713200000|  0%| F|  |TAMS 0x0000000713000000, 0x0000000713000000| Untracked 
|  71|0x0000000713200000, 0x0000000713200000, 0x0000000713400000|  0%| F|  |TAMS 0x0000000713200000, 0x0000000713200000| Untracked 
|  72|0x0000000713400000, 0x0000000713400000, 0x0000000713600000|  0%| F|  |TAMS 0x0000000713400000, 0x0000000713400000| Untracked 
|  73|0x0000000713600000, 0x0000000713600000, 0x0000000713800000|  0%| F|  |TAMS 0x0000000713600000, 0x0000000713600000| Untracked 
|  74|0x0000000713800000, 0x0000000713800000, 0x0000000713a00000|  0%| F|  |TAMS 0x0000000713800000, 0x0000000713800000| Untracked 
|  75|0x0000000713a00000, 0x0000000713a00000, 0x0000000713c00000|  0%| F|  |TAMS 0x0000000713a00000, 0x0000000713a00000| Untracked 
|  76|0x0000000713c00000, 0x0000000713c00000, 0x0000000713e00000|  0%| F|  |TAMS 0x0000000713c00000, 0x0000000713c00000| Untracked 
|  77|0x0000000713e00000, 0x0000000713e00000, 0x0000000714000000|  0%| F|  |TAMS 0x0000000713e00000, 0x0000000713e00000| Untracked 
|  78|0x0000000714000000, 0x0000000714000000, 0x0000000714200000|  0%| F|  |TAMS 0x0000000714000000, 0x0000000714000000| Untracked 
|  79|0x0000000714200000, 0x0000000714200000, 0x0000000714400000|  0%| F|  |TAMS 0x0000000714200000, 0x0000000714200000| Untracked 
|  80|0x0000000714400000, 0x0000000714400000, 0x0000000714600000|  0%| F|  |TAMS 0x0000000714400000, 0x0000000714400000| Untracked 
|  81|0x0000000714600000, 0x0000000714600000, 0x0000000714800000|  0%| F|  |TAMS 0x0000000714600000, 0x0000000714600000| Untracked 
|  82|0x0000000714800000, 0x0000000714800000, 0x0000000714a00000|  0%| F|  |TAMS 0x0000000714800000, 0x0000000714800000| Untracked 
|  83|0x0000000714a00000, 0x0000000714a00000, 0x0000000714c00000|  0%| F|  |TAMS 0x0000000714a00000, 0x0000000714a00000| Untracked 
|  84|0x0000000714c00000, 0x0000000714c00000, 0x0000000714e00000|  0%| F|  |TAMS 0x0000000714c00000, 0x0000000714c00000| Untracked 
|  85|0x0000000714e00000, 0x0000000714e00000, 0x0000000715000000|  0%| F|  |TAMS 0x0000000714e00000, 0x0000000714e00000| Untracked 
|  86|0x0000000715000000, 0x0000000715000000, 0x0000000715200000|  0%| F|  |TAMS 0x0000000715000000, 0x0000000715000000| Untracked 
|  87|0x0000000715200000, 0x0000000715200000, 0x0000000715400000|  0%| F|  |TAMS 0x0000000715200000, 0x0000000715200000| Untracked 
|  88|0x0000000715400000, 0x0000000715400000, 0x0000000715600000|  0%| F|  |TAMS 0x0000000715400000, 0x0000000715400000| Untracked 
|  89|0x0000000715600000, 0x0000000715600000, 0x0000000715800000|  0%| F|  |TAMS 0x0000000715600000, 0x0000000715600000| Untracked 
|  90|0x0000000715800000, 0x0000000715800000, 0x0000000715a00000|  0%| F|  |TAMS 0x0000000715800000, 0x0000000715800000| Untracked 
|  91|0x0000000715a00000, 0x0000000715a00000, 0x0000000715c00000|  0%| F|  |TAMS 0x0000000715a00000, 0x0000000715a00000| Untracked 
|  92|0x0000000715c00000, 0x0000000715c00000, 0x0000000715e00000|  0%| F|  |TAMS 0x0000000715c00000, 0x0000000715c00000| Untracked 
|  93|0x0000000715e00000, 0x0000000715e00000, 0x0000000716000000|  0%| F|  |TAMS 0x0000000715e00000, 0x0000000715e00000| Untracked 
|  94|0x0000000716000000, 0x0000000716000000, 0x0000000716200000|  0%| F|  |TAMS 0x0000000716000000, 0x0000000716000000| Untracked 
|  95|0x0000000716200000, 0x0000000716200000, 0x0000000716400000|  0%| F|  |TAMS 0x0000000716200000, 0x0000000716200000| Untracked 
|  96|0x0000000716400000, 0x0000000716400000, 0x0000000716600000|  0%| F|  |TAMS 0x0000000716400000, 0x0000000716400000| Untracked 
|  97|0x0000000716600000, 0x0000000716600000, 0x0000000716800000|  0%| F|  |TAMS 0x0000000716600000, 0x0000000716600000| Untracked 
|  98|0x0000000716800000, 0x0000000716800000, 0x0000000716a00000|  0%| F|  |TAMS 0x0000000716800000, 0x0000000716800000| Untracked 
|  99|0x0000000716a00000, 0x0000000716a00000, 0x0000000716c00000|  0%| F|  |TAMS 0x0000000716a00000, 0x0000000716a00000| Untracked 
| 100|0x0000000716c00000, 0x0000000716c00000, 0x0000000716e00000|  0%| F|  |TAMS 0x0000000716c00000, 0x0000000716c00000| Untracked 
| 101|0x0000000716e00000, 0x0000000716e00000, 0x0000000717000000|  0%| F|  |TAMS 0x0000000716e00000, 0x0000000716e00000| Untracked 
| 102|0x0000000717000000, 0x0000000717000000, 0x0000000717200000|  0%| F|  |TAMS 0x0000000717000000, 0x0000000717000000| Untracked 
| 103|0x0000000717200000, 0x0000000717200000, 0x0000000717400000|  0%| F|  |TAMS 0x0000000717200000, 0x0000000717200000| Untracked 
| 104|0x0000000717400000, 0x0000000717400000, 0x0000000717600000|  0%| F|  |TAMS 0x0000000717400000, 0x0000000717400000| Untracked 
| 105|0x0000000717600000, 0x0000000717600000, 0x0000000717800000|  0%| F|  |TAMS 0x0000000717600000, 0x0000000717600000| Untracked 
| 106|0x0000000717800000, 0x0000000717800000, 0x0000000717a00000|  0%| F|  |TAMS 0x0000000717800000, 0x0000000717800000| Untracked 
| 107|0x0000000717a00000, 0x0000000717a00000, 0x0000000717c00000|  0%| F|  |TAMS 0x0000000717a00000, 0x0000000717a00000| Untracked 
| 108|0x0000000717c00000, 0x0000000717c00000, 0x0000000717e00000|  0%| F|  |TAMS 0x0000000717c00000, 0x0000000717c00000| Untracked 
| 109|0x0000000717e00000, 0x0000000717e00000, 0x0000000718000000|  0%| F|  |TAMS 0x0000000717e00000, 0x0000000717e00000| Untracked 
| 110|0x0000000718000000, 0x0000000718000000, 0x0000000718200000|  0%| F|  |TAMS 0x0000000718000000, 0x0000000718000000| Untracked 
| 111|0x0000000718200000, 0x0000000718200000, 0x0000000718400000|  0%| F|  |TAMS 0x0000000718200000, 0x0000000718200000| Untracked 
| 112|0x0000000718400000, 0x0000000718400000, 0x0000000718600000|  0%| F|  |TAMS 0x0000000718400000, 0x0000000718400000| Untracked 
| 113|0x0000000718600000, 0x0000000718600000, 0x0000000718800000|  0%| F|  |TAMS 0x0000000718600000, 0x0000000718600000| Untracked 
| 114|0x0000000718800000, 0x0000000718800000, 0x0000000718a00000|  0%| F|  |TAMS 0x0000000718800000, 0x0000000718800000| Untracked 
| 115|0x0000000718a00000, 0x0000000718a00000, 0x0000000718c00000|  0%| F|  |TAMS 0x0000000718a00000, 0x0000000718a00000| Untracked 
| 116|0x0000000718c00000, 0x0000000718c00000, 0x0000000718e00000|  0%| F|  |TAMS 0x0000000718c00000, 0x0000000718c00000| Untracked 
| 117|0x0000000718e00000, 0x0000000718e00000, 0x0000000719000000|  0%| F|  |TAMS 0x0000000718e00000, 0x0000000718e00000| Untracked 
| 118|0x0000000719000000, 0x0000000719000000, 0x0000000719200000|  0%| F|  |TAMS 0x0000000719000000, 0x0000000719000000| Untracked 
| 119|0x0000000719200000, 0x0000000719200000, 0x0000000719400000|  0%| F|  |TAMS 0x0000000719200000, 0x0000000719200000| Untracked 
| 120|0x0000000719400000, 0x00000007195ca6a8, 0x0000000719600000| 89%| E|  |TAMS 0x0000000719400000, 0x0000000719400000| Complete 
| 121|0x0000000719600000, 0x0000000719800000, 0x0000000719800000|100%| E|CS|TAMS 0x0000000719600000, 0x0000000719600000| Complete 
| 122|0x0000000719800000, 0x0000000719a00000, 0x0000000719a00000|100%| E|  |TAMS 0x0000000719800000, 0x0000000719800000| Complete 

Card table byte_map: [0x00000291664a0000,0x0000029166c50000] _byte_map_base: 0x0000029162c4e000

Marking Bits (Prev, Next): (CMBitMap*) 0x000002915308a690, (CMBitMap*) 0x000002915308a6d0
 Prev Bits: [0x0000029167400000, 0x000002916b170000)
 Next Bits: [0x000002916b170000, 0x000002916eee0000)

Polling page: 0x00000291527d0000

Metaspace:

Usage:
  Non-class:      7.89 MB used.
      Class:    813.84 KB used.
       Both:      8.69 MB used.

Virtual space:
  Non-class space:       64.00 MB reserved,       7.94 MB ( 12%) committed,  1 nodes.
      Class space:        1.00 GB reserved,     832.00 KB ( <1%) committed,  1 nodes.
             Both:        1.06 GB reserved,       8.75 MB ( <1%) committed. 

Chunk freelists:
   Non-Class:  8.06 MB
       Class:  15.17 MB
        Both:  23.23 MB

MaxMetaspaceSize: unlimited
CompressedClassSpaceSize: 1.00 GB
Initial GC threshold: 21.00 MB
Current GC threshold: 21.00 MB
CDS: off
MetaspaceReclaimPolicy: balanced
 - commit_granule_bytes: 65536.
 - commit_granule_words: 8192.
 - virtual_space_node_default_size: 8388608.
 - enlarge_chunks_in_place: 1.
 - new_chunks_are_fully_committed: 0.
 - uncommit_free_chunks: 1.
 - use_allocation_guard: 0.
 - handle_deallocations: 1.


Internal statistics:

num_allocs_failed_limit: 0.
num_arena_births: 10.
num_arena_deaths: 0.
num_vsnodes_births: 2.
num_vsnodes_deaths: 0.
num_space_committed: 140.
num_space_uncommitted: 0.
num_chunks_returned_to_freelist: 0.
num_chunks_taken_from_freelist: 51.
num_chunk_merges: 0.
num_chunk_splits: 28.
num_chunks_enlarged: 18.
num_inconsistent_stats: 0.

CodeHeap 'non-profiled nmethods': size=120000Kb used=94Kb max_used=94Kb free=119905Kb
 bounds [0x000002915e260000, 0x000002915e4d0000, 0x0000029165790000]
CodeHeap 'profiled nmethods': size=120000Kb used=622Kb max_used=622Kb free=119377Kb
 bounds [0x0000029156790000, 0x0000029156a00000, 0x000002915dcc0000]
CodeHeap 'non-nmethods': size=5760Kb used=1126Kb max_used=1140Kb free=4633Kb
 bounds [0x000002915dcc0000, 0x000002915df30000, 0x000002915e260000]
 total_blobs=786 nmethods=380 adapters=319
 compilation: enabled
              stopped_count=0, restarted_count=0
 full_count=0

Compilation events (20 events):
Event: 0.327 Thread 0x0000029176061eb0  371       3       java.lang.StringConcatHelper::mix (27 bytes)
Event: 0.328 Thread 0x0000029176061eb0 nmethod 371 0x0000029156829790 code [0x0000029156829960, 0x0000029156829d88]
Event: 0.328 Thread 0x0000029176061eb0  372       3       java.lang.StringConcatHelper::checkOverflow (17 bytes)
Event: 0.328 Thread 0x0000029176061eb0 nmethod 372 0x0000029156829f90 code [0x000002915682a140, 0x000002915682a328]
Event: 0.328 Thread 0x0000029176061eb0  373       3       java.lang.StringConcatHelper::prepend (37 bytes)
Event: 0.328 Thread 0x0000029176061eb0 nmethod 373 0x000002915682a410 code [0x000002915682a5e0, 0x000002915682a8b8]
Event: 0.329 Thread 0x0000029176061eb0  374       3       java.lang.StringLatin1::getChar (9 bytes)
Event: 0.329 Thread 0x0000029176061eb0 nmethod 374 0x000002915682aa10 code [0x000002915682aba0, 0x000002915682acb8]
Event: 0.331 Thread 0x0000029176061eb0  375       3       java.lang.CharacterDataLatin1::toUpperCase (53 bytes)
Event: 0.331 Thread 0x0000029176061eb0 nmethod 375 0x000002915682ad90 code [0x000002915682af40, 0x000002915682b1d8]
Event: 0.331 Thread 0x0000029176061eb0  376       1       java.security.ProtectionDomain::getCodeSource (5 bytes)
Event: 0.331 Thread 0x0000029176061eb0 nmethod 376 0x000002915e276b10 code [0x000002915e276ca0, 0x000002915e276d78]
Event: 0.332 Thread 0x0000029176061eb0  377       3       java.lang.String::toString (2 bytes)
Event: 0.332 Thread 0x0000029176061eb0 nmethod 377 0x000002915682b310 code [0x000002915682b4a0, 0x000002915682b5b8]
Event: 0.334 Thread 0x0000029176061400  378       4       java.lang.String::substring (58 bytes)
Event: 0.334 Thread 0x0000029176061eb0  379       3       java.lang.Character::toLowerCase (9 bytes)
Event: 0.334 Thread 0x0000029176061eb0 nmethod 379 0x000002915682b690 code [0x000002915682b840, 0x000002915682ba38]
Event: 0.334 Thread 0x0000029176061eb0  380       1       java.net.URL::getProtocol (5 bytes)
Event: 0.334 Thread 0x0000029176061eb0 nmethod 380 0x000002915e276e10 code [0x000002915e276fa0, 0x000002915e277078]
Event: 0.337 Thread 0x0000029176061400 nmethod 378 0x000002915e277110 code [0x000002915e2772a0, 0x000002915e2777d8]

GC Heap History (0 events):
No events

Dll operation events (2 events):
Event: 0.015 Loaded shared library D:\Deveco Studio 5.0.3.900\DevEco Studio\jbr\bin\java.dll
Event: 0.335 Loaded shared library D:\Deveco Studio 5.0.3.900\DevEco Studio\jbr\bin\verify.dll

Deoptimization events (20 events):
Event: 0.173 Thread 0x0000029153021030 DEOPT PACKING pc=0x00000291567a558c sp=0x000000c404afd630
Event: 0.173 Thread 0x0000029153021030 DEOPT UNPACKING pc=0x000002915dd17143 sp=0x000000c404afcac0 mode 0
Event: 0.173 Thread 0x0000029153021030 DEOPT PACKING pc=0x00000291567a558c sp=0x000000c404afd630
Event: 0.173 Thread 0x0000029153021030 DEOPT UNPACKING pc=0x000002915dd17143 sp=0x000000c404afcac0 mode 0
Event: 0.173 Thread 0x0000029153021030 DEOPT PACKING pc=0x00000291567a558c sp=0x000000c404afd630
Event: 0.173 Thread 0x0000029153021030 DEOPT UNPACKING pc=0x000002915dd17143 sp=0x000000c404afcac0 mode 0
Event: 0.173 Thread 0x0000029153021030 DEOPT PACKING pc=0x00000291567a558c sp=0x000000c404afd630
Event: 0.173 Thread 0x0000029153021030 DEOPT UNPACKING pc=0x000002915dd17143 sp=0x000000c404afcac0 mode 0
Event: 0.173 Thread 0x0000029153021030 DEOPT PACKING pc=0x00000291567a558c sp=0x000000c404afd630
Event: 0.173 Thread 0x0000029153021030 DEOPT UNPACKING pc=0x000002915dd17143 sp=0x000000c404afcac0 mode 0
Event: 0.174 Thread 0x0000029153021030 DEOPT PACKING pc=0x00000291567a558c sp=0x000000c404afd630
Event: 0.174 Thread 0x0000029153021030 DEOPT UNPACKING pc=0x000002915dd17143 sp=0x000000c404afcac0 mode 0
Event: 0.174 Thread 0x0000029153021030 DEOPT PACKING pc=0x00000291567a558c sp=0x000000c404afd630
Event: 0.174 Thread 0x0000029153021030 DEOPT UNPACKING pc=0x000002915dd17143 sp=0x000000c404afcac0 mode 0
Event: 0.174 Thread 0x0000029153021030 DEOPT PACKING pc=0x00000291567a558c sp=0x000000c404afd630
Event: 0.174 Thread 0x0000029153021030 DEOPT UNPACKING pc=0x000002915dd17143 sp=0x000000c404afcac0 mode 0
Event: 0.174 Thread 0x0000029153021030 DEOPT PACKING pc=0x00000291567a558c sp=0x000000c404afd630
Event: 0.174 Thread 0x0000029153021030 DEOPT UNPACKING pc=0x000002915dd17143 sp=0x000000c404afcac0 mode 0
Event: 0.174 Thread 0x0000029153021030 DEOPT PACKING pc=0x00000291567a558c sp=0x000000c404afd630
Event: 0.174 Thread 0x0000029153021030 DEOPT UNPACKING pc=0x000002915dd17143 sp=0x000000c404afcac0 mode 0

Classes unloaded (0 events):
No events

Classes redefined (0 events):
No events

Internal exceptions (0 events):
No events

VM Operations (2 events):
Event: 0.170 Executing VM operation: HandshakeAllThreads
Event: 0.170 Executing VM operation: HandshakeAllThreads done

Events (20 events):
Event: 0.323 loading class java/lang/IllegalStateException
Event: 0.323 loading class java/lang/IllegalStateException done
Event: 0.324 loading class java/util/zip/ZipException
Event: 0.324 loading class java/util/zip/ZipException done
Event: 0.325 loading class java/lang/CloneNotSupportedException
Event: 0.325 loading class java/lang/CloneNotSupportedException done
Event: 0.325 loading class java/lang/UnsupportedOperationException
Event: 0.326 loading class java/lang/UnsupportedOperationException done
Event: 0.327 loading class java/nio/charset/UnsupportedCharsetException
Event: 0.327 loading class java/nio/charset/UnsupportedCharsetException done
Event: 0.329 loading class java/util/Collections$UnmodifiableSortedMap
Event: 0.329 loading class java/util/Collections$UnmodifiableSortedMap done
Event: 0.330 loading class java/util/zip/Deflater
Event: 0.330 loading class java/util/zip/Deflater done
Event: 0.330 loading class java/util/zip/Deflater$DeflaterZStreamRef
Event: 0.330 loading class java/util/zip/Deflater$DeflaterZStreamRef done
Event: 0.332 loading class java/lang/reflect/InvocationHandler
Event: 0.332 loading class java/lang/reflect/InvocationHandler done
Event: 0.337 loading class java/util/zip/GZIPInputStream
Event: 0.337 loading class java/util/zip/GZIPInputStream done


Dynamic libraries:
0x00007ff601680000 - 0x00007ff60168a000 	D:\Deveco Studio 5.0.3.900\DevEco Studio\jbr\bin\java.exe
0x00007ffe456f0000 - 0x00007ffe45907000 	C:\WINDOWS\SYSTEM32\ntdll.dll
0x00007ffe448a0000 - 0x00007ffe44964000 	C:\WINDOWS\System32\KERNEL32.DLL
0x00007ffe42be0000 - 0x00007ffe42f97000 	C:\WINDOWS\System32\KERNELBASE.dll
0x00007ffe42fa0000 - 0x00007ffe430b1000 	C:\WINDOWS\System32\ucrtbase.dll
0x00007ffe3dba0000 - 0x00007ffe3dbb7000 	D:\Deveco Studio 5.0.3.900\DevEco Studio\jbr\bin\jli.dll
0x00007ffe3db80000 - 0x00007ffe3db9b000 	D:\Deveco Studio 5.0.3.900\DevEco Studio\jbr\bin\VCRUNTIME140.dll
0x00007ffe2d350000 - 0x00007ffe2d5e3000 	C:\WINDOWS\WinSxS\amd64_microsoft.windows.common-controls_6595b64144ccf1df_6.0.22621.3672_none_2713b9d173822955\COMCTL32.dll
0x00007ffe435d0000 - 0x00007ffe43677000 	C:\WINDOWS\System32\msvcrt.dll
0x00007ffe43da0000 - 0x00007ffe43dc9000 	C:\WINDOWS\System32\GDI32.dll
0x00007ffe430c0000 - 0x00007ffe430e6000 	C:\WINDOWS\System32\win32u.dll
0x00007ffe431b0000 - 0x00007ffe432c8000 	C:\WINDOWS\System32\gdi32full.dll
0x00007ffe43420000 - 0x00007ffe435cf000 	C:\WINDOWS\System32\USER32.dll
0x00007ffe432d0000 - 0x00007ffe4336a000 	C:\WINDOWS\System32\msvcp_win.dll
0x00007ffe44640000 - 0x00007ffe44671000 	C:\WINDOWS\System32\IMM32.DLL
0x00007ffe3db70000 - 0x00007ffe3db7c000 	D:\Deveco Studio 5.0.3.900\DevEco Studio\jbr\bin\vcruntime140_1.dll
0x00007ffdf5d00000 - 0x00007ffdf5d8d000 	D:\Deveco Studio 5.0.3.900\DevEco Studio\jbr\bin\msvcp140.dll
0x00007ffda9760000 - 0x00007ffdaa3e3000 	D:\Deveco Studio 5.0.3.900\DevEco Studio\jbr\bin\server\jvm.dll
0x00007ffe44d80000 - 0x00007ffe44e32000 	C:\WINDOWS\System32\ADVAPI32.dll
0x00007ffe437e0000 - 0x00007ffe43888000 	C:\WINDOWS\System32\sechost.dll
0x00007ffe43370000 - 0x00007ffe43398000 	C:\WINDOWS\System32\bcrypt.dll
0x00007ffe44680000 - 0x00007ffe44794000 	C:\WINDOWS\System32\RPCRT4.dll
0x00007ffe428d0000 - 0x00007ffe4291d000 	C:\WINDOWS\SYSTEM32\POWRPROF.dll
0x00007ffe2bb20000 - 0x00007ffe2bb29000 	C:\WINDOWS\SYSTEM32\WSOCK32.dll
0x00007ffe44ce0000 - 0x00007ffe44d51000 	C:\WINDOWS\System32\WS2_32.dll
0x00007ffe40080000 - 0x00007ffe400b4000 	C:\WINDOWS\SYSTEM32\WINMM.dll
0x00007ffe3acb0000 - 0x00007ffe3acba000 	C:\WINDOWS\SYSTEM32\VERSION.dll
0x00007ffe428b0000 - 0x00007ffe428c3000 	C:\WINDOWS\SYSTEM32\UMPDC.dll
0x00007ffe419a0000 - 0x00007ffe419b8000 	C:\WINDOWS\SYSTEM32\kernel.appcore.dll
0x00007ffe3c7f0000 - 0x00007ffe3c7fa000 	D:\Deveco Studio 5.0.3.900\DevEco Studio\jbr\bin\jimage.dll
0x00007ffe40510000 - 0x00007ffe40742000 	C:\WINDOWS\SYSTEM32\DBGHELP.DLL
0x00007ffe452c0000 - 0x00007ffe4564e000 	C:\WINDOWS\System32\combase.dll
0x00007ffe43ae0000 - 0x00007ffe43bb7000 	C:\WINDOWS\System32\OLEAUT32.dll
0x00007ffe30f60000 - 0x00007ffe30f92000 	C:\WINDOWS\SYSTEM32\dbgcore.DLL
0x00007ffe433a0000 - 0x00007ffe4341b000 	C:\WINDOWS\System32\bcryptPrimitives.dll
0x00007ffe3c7c0000 - 0x00007ffe3c7e5000 	D:\Deveco Studio 5.0.3.900\DevEco Studio\jbr\bin\java.dll
0x00007ffe3c7a0000 - 0x00007ffe3c7b8000 	D:\Deveco Studio 5.0.3.900\DevEco Studio\jbr\bin\zip.dll
0x00007ffe43dd0000 - 0x00007ffe44639000 	C:\WINDOWS\System32\SHELL32.dll
0x00007ffe408b0000 - 0x00007ffe411af000 	C:\WINDOWS\SYSTEM32\windows.storage.dll
0x00007ffe40770000 - 0x00007ffe408af000 	C:\WINDOWS\SYSTEM32\wintypes.dll
0x00007ffe447a0000 - 0x00007ffe44899000 	C:\WINDOWS\System32\SHCORE.dll
0x00007ffe45650000 - 0x00007ffe456ae000 	C:\WINDOWS\System32\shlwapi.dll
0x00007ffe42930000 - 0x00007ffe42957000 	C:\WINDOWS\SYSTEM32\profapi.dll
0x00007ffe3c780000 - 0x00007ffe3c799000 	D:\Deveco Studio 5.0.3.900\DevEco Studio\jbr\bin\net.dll
0x00007ffe3e170000 - 0x00007ffe3e2a6000 	C:\WINDOWS\SYSTEM32\WINHTTP.dll
0x00007ffe41e00000 - 0x00007ffe41e69000 	C:\WINDOWS\system32\mswsock.dll
0x00007ffe3c760000 - 0x00007ffe3c776000 	D:\Deveco Studio 5.0.3.900\DevEco Studio\jbr\bin\nio.dll
0x00007ffe385a0000 - 0x00007ffe385b0000 	D:\Deveco Studio 5.0.3.900\DevEco Studio\jbr\bin\verify.dll

dbghelp: loaded successfully - version: 4.0.5 - missing functions: none
symbol engine: initialized successfully - sym options: 0x614 - pdb path: .;D:\Deveco Studio 5.0.3.900\DevEco Studio\jbr\bin;C:\WINDOWS\SYSTEM32;C:\WINDOWS\WinSxS\amd64_microsoft.windows.common-controls_6595b64144ccf1df_6.0.22621.3672_none_2713b9d173822955;D:\Deveco Studio 5.0.3.900\DevEco Studio\jbr\bin\server

VM Arguments:
jvm_args: -Dfile.encoding=GBK 
java_command: D:\Deveco Studio 5.0.3.900\DevEco Studio\sdk\default\openharmony\toolchains\lib\app_packing_tool.jar --mode hap --force true --lib-path D:\HarmonyOS_code\XUPT_Rental_Local\products\entry\build\default\intermediates\stripped_native_libs\default --json-path D:\HarmonyOS_code\XUPT_Rental_Local\products\entry\build\default\intermediates\package\default\module.json --resources-path D:\HarmonyOS_code\XUPT_Rental_Local\products\entry\build\default\intermediates\res\default\resources --index-path D:\HarmonyOS_code\XUPT_Rental_Local\products\entry\build\default\intermediates\res\default\resources.index --pack-info-path D:\HarmonyOS_code\XUPT_Rental_Local\products\entry\build\default\outputs\default\pack.info --out-path D:\HarmonyOS_code\XUPT_Rental_Local\products\entry\build\default\outputs\default\entry-default-unsigned.hap --ets-path D:\HarmonyOS_code\XUPT_Rental_Local\products\entry\build\default\intermediates\loader_out\default\ets --pkg-context-path D:\HarmonyOS_code\XUPT_Rental_Local\products\entry\build\default\intermediates\loader\default\pkgContextInfo.json
java_class_path (initial): D:\Deveco Studio 5.0.3.900\DevEco Studio\sdk\default\openharmony\toolchains\lib\app_packing_tool.jar
Launcher Type: SUN_STANDARD

[Global flags]
     intx CICompilerCount                          = 4                                         {product} {ergonomic}
     uint ConcGCThreads                            = 3                                         {product} {ergonomic}
     uint G1ConcRefinementThreads                  = 10                                        {product} {ergonomic}
   size_t G1HeapRegionSize                         = 2097152                                   {product} {ergonomic}
    uintx GCDrainStackTargetSize                   = 64                                        {product} {ergonomic}
   size_t InitialHeapSize                          = 257949696                                 {product} {ergonomic}
   size_t MarkStackSize                            = 4194304                                   {product} {ergonomic}
   size_t MaxHeapSize                              = 4123000832                                {product} {ergonomic}
   size_t MaxNewSize                               = 2472542208                                {product} {ergonomic}
   size_t MinHeapDeltaBytes                        = 2097152                                   {product} {ergonomic}
   size_t MinHeapSize                              = 8388608                                   {product} {ergonomic}
    uintx NonNMethodCodeHeapSize                   = 5839372                                {pd product} {ergonomic}
    uintx NonProfiledCodeHeapSize                  = 122909434                              {pd product} {ergonomic}
    uintx ProfiledCodeHeapSize                     = 122909434                              {pd product} {ergonomic}
    uintx ReservedCodeCacheSize                    = 251658240                              {pd product} {ergonomic}
     bool SegmentedCodeCache                       = true                                      {product} {ergonomic}
   size_t SoftMaxHeapSize                          = 4123000832                             {manageable} {ergonomic}
     bool UseCompressedClassPointers               = true                           {product lp64_product} {ergonomic}
     bool UseCompressedOops                        = true                           {product lp64_product} {ergonomic}
     bool UseG1GC                                  = true                                      {product} {ergonomic}
     bool UseLargePagesIndividualAllocation        = false                                  {pd product} {ergonomic}

Logging:
Log output configuration:
 #0: stdout all=warning uptime,level,tags
 #1: stderr all=off uptime,level,tags

Environment Variables:
JAVA_HOME=D:\Deveco Studio 5.0.3.900\DevEco Studio\jbr
CLASSPATH=.;
PATH=D:\Deveco Studio 5.0.3.900\DevEco Studio\jbr\bin;D:/Deveco Studio 5.0.3.900/DevEco Studio/tools/node;C:\Program Files (x86)\Common Files\Oracle\Java\java8path;C:\Program Files (x86)\Common Files\Oracle\Java\javapath;C:\WINDOWS\system32;C:\WINDOWS;C:\WINDOWS\System32\Wbem;C:\WINDOWS\System32\WindowsPowerShell\v1.0\;C:\WINDOWS\System32\OpenSSH\;D:\Bandizip;C:\Program Files\Git\cmd;C:\Program Files\TortoiseGit\bin;C:\Program Files\nodejs\;C:\ProgramData\chocolatey\bin;C:\Program Files\Java\jdk1.8.0_211\bin;C:\Program Files\Java\jre1.8.0_421\bin;C:\Users\Lin\AppData\Local\Microsoft\WindowsApps;C:\Users\Lin\AppData\Local\Programs\Microsoft VS Code\bin;%DevEco Studio%;C:\Users\Lin\AppData\Roaming\npm;D:\新建文件夹\command-line-tools\ohpm\bin;;D:\Deveco Studio 5.0.3.900\DevEco Studio\tools\node;D:\Deveco Studio 5.0.3.900\DevEco Studio\jbr\bin;C:\Program Files (x86)\Common Files\Oracle\Java\java8path;C:\Program Files (x86)\Common Files\Oracle\Java\javapath;C:\WINDOWS\system32;C:\WINDOWS;C:\WINDOWS\System32\Wbem;C:\WINDOWS\System32\WindowsPowerShell\v1.0\;C:\WINDOWS\System32\OpenSSH\;D:\Bandizip;C:\Program Files\Git\cmd;C:\Program Files\TortoiseGit\bin;C:\Program Files\nodejs\;C:\ProgramData\chocolatey\bin;C:\Program Files\Java\jdk1.8.0_211\bin;C:\Program Files\Java\jre1.8.0_421\bin;C:\Users\Lin\AppData\Local\Microsoft\WindowsApps;C:\Users\Lin\AppData\Local\Programs\Microsoft VS Code\bin;%DevEco Studio%;C:\Users\Lin\AppData\Roaming\npm;D:\新建文件夹\command-line-tools\ohpm\bin;
USERNAME=Lin
OS=Windows_NT
PROCESSOR_IDENTIFIER=AMD64 Family 25 Model 80 Stepping 0, AuthenticAMD
TMP=C:\Users\Lin\AppData\Local\Temp
TEMP=C:\Users\Lin\AppData\Local\Temp



Periodic native trim disabled

JNI global refs:
JNI global refs: 9, weak refs: 0

JNI global refs memory usage: 843, weak refs: 209

OOME stack traces (most recent first):
Classloader memory used:
Loader bootstrap                                                                       : 1047K
Loader jdk.internal.loader.ClassLoaders$AppClassLoader                                 : 63099B
Loader jdk.internal.loader.ClassLoaders$PlatformClassLoader                            : 3263B


---------------  S Y S T E M  ---------------

OS:
 Windows 11 , 64 bit Build 22621 (10.0.22621.3958)
OS uptime: 1 days 8:28 hours
Hyper-V role detected

CPU: total 12 (initial active 12) (12 cores per cpu, 2 threads per core) family 25 model 80 stepping 0 microcode 0x0, cx8, cmov, fxsr, ht, mmx, 3dnowpref, sse, sse2, sse3, ssse3, sse4a, sse4.1, sse4.2, popcnt, lzcnt, tsc, tscinvbit, avx, avx2, aes, erms, clmul, bmi1, bmi2, adx, sha, fma, vzeroupper, clflush, clflushopt, hv
Processor Information for processor 0
  Max Mhz: 3301, Current Mhz: 3301, Mhz Limit: 3301
Processor Information for processor 1
  Max Mhz: 3301, Current Mhz: 3301, Mhz Limit: 3301
Processor Information for processor 2
  Max Mhz: 3301, Current Mhz: 3301, Mhz Limit: 3301
Processor Information for processor 3
  Max Mhz: 3301, Current Mhz: 3301, Mhz Limit: 3301
Processor Information for processor 4
  Max Mhz: 3301, Current Mhz: 3301, Mhz Limit: 3301
Processor Information for processor 5
  Max Mhz: 3301, Current Mhz: 2630, Mhz Limit: 3301
Processor Information for processor 6
  Max Mhz: 3301, Current Mhz: 3301, Mhz Limit: 3301
Processor Information for processor 7
  Max Mhz: 3301, Current Mhz: 3301, Mhz Limit: 3301
Processor Information for processor 8
  Max Mhz: 3301, Current Mhz: 3301, Mhz Limit: 3301
Processor Information for processor 9
  Max Mhz: 3301, Current Mhz: 3301, Mhz Limit: 3301
Processor Information for processor 10
  Max Mhz: 3301, Current Mhz: 2630, Mhz Limit: 3301
Processor Information for processor 11
  Max Mhz: 3301, Current Mhz: 3301, Mhz Limit: 3301

Memory: 4k page, system-wide physical 15724M (2046M free)
TotalPageFile size 31084M (AvailPageFile size 3M)
current process WorkingSet (physical memory assigned to process): 46M, peak: 46M
current process commit charge ("private bytes"): 337M, peak: 338M

vm_info: OpenJDK 64-Bit Server VM (17.0.10+1-b1087.17) for windows-amd64 JRE (17.0.10+1-b1087.17), built on 2024-01-19 by "builduser" with MS VC++ 16.10 / 16.11 (VS2019)

END.
