#
# There is insufficient memory for the Java Runtime Environment to continue.
# Native memory allocation (mmap) failed to map 257949696 bytes for G1 virtual space
# Possible reasons:
#   The system is out of physical RAM or swap space
#   The process is running with CompressedOops enabled, and the Java Heap may be blocking the growth of the native heap
# Possible solutions:
#   Reduce memory load on the system
#   Increase physical memory or swap space
#   Check if swap backing store is full
#   Decrease Java heap size (-Xmx/-Xms)
#   Decrease number of Java threads
#   Decrease Java thread stack sizes (-Xss)
#   Set larger code cache with -XX:ReservedCodeCacheSize=
#   JVM is running with Zero Based Compressed Oops mode in which the Java heap is
#     placed in the first 32GB address space. The Java Heap base address is the
#     maximum limit for the native heap growth. Please use -XX:HeapBaseMinAddress
#     to set the Java Heap base and to place the Java Heap above 32GB virtual address.
# This output file may be truncated or incomplete.
#
#  Out of Memory Error (os_windows.cpp:3825), pid=2204, tid=14944
#
# JRE version:  (17.0.10+1) (build )
# Java VM: OpenJDK 64-Bit Server VM (17.0.10+1-b1087.17, mixed mode, sharing, tiered, compressed oops, compressed class ptrs, g1 gc, windows-amd64)
# No core dump will be written. Minidumps are not enabled by default on client versions of Windows
#

---------------  S U M M A R Y ------------

Command Line: -Dfile.encoding=GBK D:\Deveco Studio 5.0.3.900\DevEco Studio\sdk\default\openharmony\toolchains\lib\app_packing_tool.jar --mode hap --force true --lib-path D:\HarmonyOS_code\XUPT_Rental_Local\products\entry\build\default\intermediates\stripped_native_libs\default --json-path D:\HarmonyOS_code\XUPT_Rental_Local\products\entry\build\default\intermediates\package\default\module.json --resources-path D:\HarmonyOS_code\XUPT_Rental_Local\products\entry\build\default\intermediates\res\default\resources --index-path D:\HarmonyOS_code\XUPT_Rental_Local\products\entry\build\default\intermediates\res\default\resources.index --pack-info-path D:\HarmonyOS_code\XUPT_Rental_Local\products\entry\build\default\outputs\default\pack.info --out-path D:\HarmonyOS_code\XUPT_Rental_Local\products\entry\build\default\outputs\default\entry-default-unsigned.hap --ets-path D:\HarmonyOS_code\XUPT_Rental_Local\products\entry\build\default\intermediates\loader_out\default\ets --pkg-context-path D:\HarmonyOS_code\XUPT_Rental_Local\products\entry\build\default\intermediates\loader\default\pkgContextInfo.json

Host: AMD Ryzen 5 5600H with Radeon Graphics         , 12 cores, 15G,  Windows 11 , 64 bit Build 22621 (10.0.22621.3958)
Time: Fri Nov 15 20:32:34 2024  Windows 11 , 64 bit Build 22621 (10.0.22621.3958) elapsed time: 0.090335 seconds (0d 0h 0m 0s)

---------------  T H R E A D  ---------------

Current thread (0x0000020aedf209b0):  JavaThread "Unknown thread" [_thread_in_vm, id=14944, stack(0x000000f7d6000000,0x000000f7d6100000)]

Stack: [0x000000f7d6000000,0x000000f7d6100000]
Native frames: (J=compiled Java code, j=interpreted, Vv=VM code, C=native code)
V  [jvm.dll+0x688ac9]
V  [jvm.dll+0x84220a]
V  [jvm.dll+0x843e4e]
V  [jvm.dll+0x8444b3]
V  [jvm.dll+0x24ba8f]
V  [jvm.dll+0x685899]
V  [jvm.dll+0x67a14a]
V  [jvm.dll+0x30c7eb]
V  [jvm.dll+0x313c96]
V  [jvm.dll+0x363a2e]
V  [jvm.dll+0x363c5f]
V  [jvm.dll+0x2e25b8]
V  [jvm.dll+0x2e3524]
V  [jvm.dll+0x812d71]
V  [jvm.dll+0x3718e1]
V  [jvm.dll+0x7f18d6]
V  [jvm.dll+0x3f553f]
V  [jvm.dll+0x3f7171]
C  [jli.dll+0x528f]
C  [ucrtbase.dll+0x29333]
C  [KERNEL32.DLL+0x1257d]
C  [ntdll.dll+0x5af08]


---------------  P R O C E S S  ---------------

Threads class SMR info:
_java_thread_list=0x00007ffdaa29ef58, length=0, elements={
}

Java Threads: ( => current thread )

Other Threads:
  0x0000020aedf89ad0 GCTaskThread "GC Thread#0" [stack: 0x000000f7d6200000,0x000000f7d6300000] [id=28244]
  0x0000020aedf99e80 ConcurrentGCThread "G1 Main Marker" [stack: 0x000000f7d6300000,0x000000f7d6400000] [id=8620]
  0x0000020aedf9a740 ConcurrentGCThread "G1 Conc#0" [stack: 0x000000f7d6400000,0x000000f7d6500000] [id=20368]

[error occurred during error reporting (printing all threads), id 0xc0000005, EXCEPTION_ACCESS_VIOLATION (0xc0000005) at pc=0x00007ffda9a53187]

VM state: not at safepoint (not fully initialized)

VM Mutex/Monitor currently owned by a thread:  ([mutex/lock_event])
[0x0000020aedf1b520] Heap_lock - owner thread: 0x0000020aedf209b0

Heap address: 0x000000070a400000, size: 3932 MB, Compressed Oops mode: Zero based, Oop shift amount: 3

CDS archive(s) mapped at: [0x0000000000000000-0x0000000000000000-0x0000000000000000), size 0, SharedBaseAddress: 0x0000000800000000, ArchiveRelocationMode: 1.
Narrow klass base: 0x0000000000000000, Narrow klass shift: 0, Narrow klass range: 0x0

GC Precious Log:
<Empty>

Heap:
 garbage-first heap   total 0K, used 0K [0x000000070a400000, 0x0000000800000000)
  region size 2048K, 0 young (0K), 0 survivors (0K)
 Metaspace       used 0K, committed 0K, reserved 0K
  class space    used 0K, committed 0K, reserved 0K

Heap Regions: E=young(eden), S=young(survivor), O=old, HS=humongous(starts), HC=humongous(continues), CS=collection set, F=free, OA=open archive, CA=closed archive, TAMS=top-at-mark-start (previous, next)

Card table byte_map: [0x0000020af2390000,0x0000020af2b40000] _byte_map_base: 0x0000020aeeb3e000

Marking Bits (Prev, Next): (CMBitMap*) 0x0000020aedf89f90, (CMBitMap*) 0x0000020aedf89fd0
 Prev Bits: [0x0000020af32f0000, 0x0000020af7060000)
 Next Bits: [0x0000020af7060000, 0x0000020afadd0000)

GC Heap History (0 events):
No events

Dll operation events (1 events):
Event: 0.038 Loaded shared library D:\Deveco Studio 5.0.3.900\DevEco Studio\jbr\bin\java.dll

Deoptimization events (0 events):
No events

Classes unloaded (0 events):
No events

Classes redefined (0 events):
No events

Internal exceptions (0 events):
No events

VM Operations (0 events):
No events

Events (0 events):
No events


Dynamic libraries:
0x00007ff601680000 - 0x00007ff60168a000 	D:\Deveco Studio 5.0.3.900\DevEco Studio\jbr\bin\java.exe
0x00007ffe456f0000 - 0x00007ffe45907000 	C:\WINDOWS\SYSTEM32\ntdll.dll
0x00007ffe448a0000 - 0x00007ffe44964000 	C:\WINDOWS\System32\KERNEL32.DLL
0x00007ffe42be0000 - 0x00007ffe42f97000 	C:\WINDOWS\System32\KERNELBASE.dll
0x00007ffe42fa0000 - 0x00007ffe430b1000 	C:\WINDOWS\System32\ucrtbase.dll
0x00007ffe3dba0000 - 0x00007ffe3dbb7000 	D:\Deveco Studio 5.0.3.900\DevEco Studio\jbr\bin\jli.dll
0x00007ffe43420000 - 0x00007ffe435cf000 	C:\WINDOWS\System32\USER32.dll
0x00007ffe430c0000 - 0x00007ffe430e6000 	C:\WINDOWS\System32\win32u.dll
0x00007ffe43da0000 - 0x00007ffe43dc9000 	C:\WINDOWS\System32\GDI32.dll
0x00007ffe431b0000 - 0x00007ffe432c8000 	C:\WINDOWS\System32\gdi32full.dll
0x00007ffe432d0000 - 0x00007ffe4336a000 	C:\WINDOWS\System32\msvcp_win.dll
0x00007ffe3db80000 - 0x00007ffe3db9b000 	D:\Deveco Studio 5.0.3.900\DevEco Studio\jbr\bin\VCRUNTIME140.dll
0x00007ffe2d350000 - 0x00007ffe2d5e3000 	C:\WINDOWS\WinSxS\amd64_microsoft.windows.common-controls_6595b64144ccf1df_6.0.22621.3672_none_2713b9d173822955\COMCTL32.dll
0x00007ffe435d0000 - 0x00007ffe43677000 	C:\WINDOWS\System32\msvcrt.dll
0x00007ffe44640000 - 0x00007ffe44671000 	C:\WINDOWS\System32\IMM32.DLL
0x00007ffe3db70000 - 0x00007ffe3db7c000 	D:\Deveco Studio 5.0.3.900\DevEco Studio\jbr\bin\vcruntime140_1.dll
0x00007ffdf5d00000 - 0x00007ffdf5d8d000 	D:\Deveco Studio 5.0.3.900\DevEco Studio\jbr\bin\msvcp140.dll
0x00007ffda9760000 - 0x00007ffdaa3e3000 	D:\Deveco Studio 5.0.3.900\DevEco Studio\jbr\bin\server\jvm.dll
0x00007ffe44d80000 - 0x00007ffe44e32000 	C:\WINDOWS\System32\ADVAPI32.dll
0x00007ffe437e0000 - 0x00007ffe43888000 	C:\WINDOWS\System32\sechost.dll
0x00007ffe43370000 - 0x00007ffe43398000 	C:\WINDOWS\System32\bcrypt.dll
0x00007ffe44680000 - 0x00007ffe44794000 	C:\WINDOWS\System32\RPCRT4.dll
0x00007ffe428d0000 - 0x00007ffe4291d000 	C:\WINDOWS\SYSTEM32\POWRPROF.dll
0x00007ffe2bb20000 - 0x00007ffe2bb29000 	C:\WINDOWS\SYSTEM32\WSOCK32.dll
0x00007ffe44ce0000 - 0x00007ffe44d51000 	C:\WINDOWS\System32\WS2_32.dll
0x00007ffe40080000 - 0x00007ffe400b4000 	C:\WINDOWS\SYSTEM32\WINMM.dll
0x00007ffe3acb0000 - 0x00007ffe3acba000 	C:\WINDOWS\SYSTEM32\VERSION.dll
0x00007ffe428b0000 - 0x00007ffe428c3000 	C:\WINDOWS\SYSTEM32\UMPDC.dll
0x00007ffe419a0000 - 0x00007ffe419b8000 	C:\WINDOWS\SYSTEM32\kernel.appcore.dll
0x00007ffe3c7f0000 - 0x00007ffe3c7fa000 	D:\Deveco Studio 5.0.3.900\DevEco Studio\jbr\bin\jimage.dll
0x00007ffe40510000 - 0x00007ffe40742000 	C:\WINDOWS\SYSTEM32\DBGHELP.DLL
0x00007ffe452c0000 - 0x00007ffe4564e000 	C:\WINDOWS\System32\combase.dll
0x00007ffe43ae0000 - 0x00007ffe43bb7000 	C:\WINDOWS\System32\OLEAUT32.dll
0x00007ffe30f60000 - 0x00007ffe30f92000 	C:\WINDOWS\SYSTEM32\dbgcore.DLL
0x00007ffe433a0000 - 0x00007ffe4341b000 	C:\WINDOWS\System32\bcryptPrimitives.dll
0x00007ffe3c7c0000 - 0x00007ffe3c7e5000 	D:\Deveco Studio 5.0.3.900\DevEco Studio\jbr\bin\java.dll

dbghelp: loaded successfully - version: 4.0.5 - missing functions: none
symbol engine: initialized successfully - sym options: 0x614 - pdb path: .;D:\Deveco Studio 5.0.3.900\DevEco Studio\jbr\bin;C:\WINDOWS\SYSTEM32;C:\WINDOWS\WinSxS\amd64_microsoft.windows.common-controls_6595b64144ccf1df_6.0.22621.3672_none_2713b9d173822955;D:\Deveco Studio 5.0.3.900\DevEco Studio\jbr\bin\server

VM Arguments:
jvm_args: -Dfile.encoding=GBK 
java_command: D:\Deveco Studio 5.0.3.900\DevEco Studio\sdk\default\openharmony\toolchains\lib\app_packing_tool.jar --mode hap --force true --lib-path D:\HarmonyOS_code\XUPT_Rental_Local\products\entry\build\default\intermediates\stripped_native_libs\default --json-path D:\HarmonyOS_code\XUPT_Rental_Local\products\entry\build\default\intermediates\package\default\module.json --resources-path D:\HarmonyOS_code\XUPT_Rental_Local\products\entry\build\default\intermediates\res\default\resources --index-path D:\HarmonyOS_code\XUPT_Rental_Local\products\entry\build\default\intermediates\res\default\resources.index --pack-info-path D:\HarmonyOS_code\XUPT_Rental_Local\products\entry\build\default\outputs\default\pack.info --out-path D:\HarmonyOS_code\XUPT_Rental_Local\products\entry\build\default\outputs\default\entry-default-unsigned.hap --ets-path D:\HarmonyOS_code\XUPT_Rental_Local\products\entry\build\default\intermediates\loader_out\default\ets --pkg-context-path D:\HarmonyOS_code\XUPT_Rental_Local\products\entry\build\default\intermediates\loader\default\pkgContextInfo.json
java_class_path (initial): D:\Deveco Studio 5.0.3.900\DevEco Studio\sdk\default\openharmony\toolchains\lib\app_packing_tool.jar
Launcher Type: SUN_STANDARD

[Global flags]
     intx CICompilerCount                          = 4                                         {product} {ergonomic}
     uint ConcGCThreads                            = 3                                         {product} {ergonomic}
     uint G1ConcRefinementThreads                  = 10                                        {product} {ergonomic}
   size_t G1HeapRegionSize                         = 2097152                                   {product} {ergonomic}
    uintx GCDrainStackTargetSize                   = 64                                        {product} {ergonomic}
   size_t InitialHeapSize                          = 257949696                                 {product} {ergonomic}
   size_t MarkStackSize                            = 4194304                                   {product} {ergonomic}
   size_t MaxHeapSize                              = 4123000832                                {product} {ergonomic}
   size_t MinHeapDeltaBytes                        = 2097152                                   {product} {ergonomic}
   size_t MinHeapSize                              = 8388608                                   {product} {ergonomic}
    uintx NonNMethodCodeHeapSize                   = 5839372                                {pd product} {ergonomic}
    uintx NonProfiledCodeHeapSize                  = 122909434                              {pd product} {ergonomic}
    uintx ProfiledCodeHeapSize                     = 122909434                              {pd product} {ergonomic}
    uintx ReservedCodeCacheSize                    = 251658240                              {pd product} {ergonomic}
     bool SegmentedCodeCache                       = true                                      {product} {ergonomic}
   size_t SoftMaxHeapSize                          = 4123000832                             {manageable} {ergonomic}
     bool UseCompressedClassPointers               = true                           {product lp64_product} {ergonomic}
     bool UseCompressedOops                        = true                           {product lp64_product} {ergonomic}
     bool UseG1GC                                  = true                                      {product} {ergonomic}
     bool UseLargePagesIndividualAllocation        = false                                  {pd product} {ergonomic}

Logging:
Log output configuration:
 #0: stdout all=warning uptime,level,tags
 #1: stderr all=off uptime,level,tags

Environment Variables:
JAVA_HOME=D:\Deveco Studio 5.0.3.900\DevEco Studio\jbr
CLASSPATH=.;
PATH=D:\Deveco Studio 5.0.3.900\DevEco Studio\jbr\bin;D:/Deveco Studio 5.0.3.900/DevEco Studio/tools/node;C:\Program Files (x86)\Common Files\Oracle\Java\java8path;C:\Program Files (x86)\Common Files\Oracle\Java\javapath;C:\WINDOWS\system32;C:\WINDOWS;C:\WINDOWS\System32\Wbem;C:\WINDOWS\System32\WindowsPowerShell\v1.0\;C:\WINDOWS\System32\OpenSSH\;D:\Bandizip;C:\Program Files\Git\cmd;C:\Program Files\TortoiseGit\bin;C:\Program Files\nodejs\;C:\ProgramData\chocolatey\bin;C:\Program Files\Java\jdk1.8.0_211\bin;C:\Program Files\Java\jre1.8.0_421\bin;C:\Users\Lin\AppData\Local\Microsoft\WindowsApps;C:\Users\Lin\AppData\Local\Programs\Microsoft VS Code\bin;%DevEco Studio%;C:\Users\Lin\AppData\Roaming\npm;D:\新建文件夹\command-line-tools\ohpm\bin;;D:\Deveco Studio 5.0.3.900\DevEco Studio\tools\node;D:\Deveco Studio 5.0.3.900\DevEco Studio\jbr\bin;C:\Program Files (x86)\Common Files\Oracle\Java\java8path;C:\Program Files (x86)\Common Files\Oracle\Java\javapath;C:\WINDOWS\system32;C:\WINDOWS;C:\WINDOWS\System32\Wbem;C:\WINDOWS\System32\WindowsPowerShell\v1.0\;C:\WINDOWS\System32\OpenSSH\;D:\Bandizip;C:\Program Files\Git\cmd;C:\Program Files\TortoiseGit\bin;C:\Program Files\nodejs\;C:\ProgramData\chocolatey\bin;C:\Program Files\Java\jdk1.8.0_211\bin;C:\Program Files\Java\jre1.8.0_421\bin;C:\Users\Lin\AppData\Local\Microsoft\WindowsApps;C:\Users\Lin\AppData\Local\Programs\Microsoft VS Code\bin;%DevEco Studio%;C:\Users\Lin\AppData\Roaming\npm;D:\新建文件夹\command-line-tools\ohpm\bin;
USERNAME=Lin
OS=Windows_NT
PROCESSOR_IDENTIFIER=AMD64 Family 25 Model 80 Stepping 0, AuthenticAMD
TMP=C:\Users\Lin\AppData\Local\Temp
TEMP=C:\Users\Lin\AppData\Local\Temp



Periodic native trim disabled

JNI global refs:
JNI global refs: 0, weak refs: 0

JNI global refs memory usage: 0, weak refs: 0

OOME stack traces (most recent first):
Classloader memory used:


---------------  S Y S T E M  ---------------

OS:
 Windows 11 , 64 bit Build 22621 (10.0.22621.3958)
OS uptime: 1 days 8:54 hours
Hyper-V role detected

CPU: total 12 (initial active 12) (12 cores per cpu, 2 threads per core) family 25 model 80 stepping 0 microcode 0x0, cx8, cmov, fxsr, ht, mmx, 3dnowpref, sse, sse2, sse3, ssse3, sse4a, sse4.1, sse4.2, popcnt, lzcnt, tsc, tscinvbit, avx, avx2, aes, erms, clmul, bmi1, bmi2, adx, sha, fma, vzeroupper, clflush, clflushopt, hv
Processor Information for all 12 processors :
  Max Mhz: 3301, Current Mhz: 3301, Mhz Limit: 3301

Memory: 4k page, system-wide physical 15724M (2348M free)
TotalPageFile size 31084M (AvailPageFile size 233M)
current process WorkingSet (physical memory assigned to process): 12M, peak: 12M
current process commit charge ("private bytes"): 64M, peak: 310M

vm_info: OpenJDK 64-Bit Server VM (17.0.10+1-b1087.17) for windows-amd64 JRE (17.0.10+1-b1087.17), built on 2024-01-19 by "builduser" with MS VC++ 16.10 / 16.11 (VS2019)

END.
